
> ipl@0.1.0 build
> next build

⚠ Warning: Next.js inferred your workspace root, but it may not be correct.
 We detected multiple lockfiles and selected the directory of C:\Users\rdvpr\package-lock.json as the root directory.
 To silence this warning, set `turbopack.root` in your Next.js config, or consider removing one of the lockfiles if it's not needed.
   See https://nextjs.org/docs/app/api-reference/config/next-config-js/turbopack#root-directory for more information.
 Detected additional lockfiles: 
   * C:\Users\rdvpr\OneDrive\Desktop\ipl\package-lock.json

▲ Next.js 16.2.2 (Turbopack)
- Environments: .env.local

  Creating an optimized production build ...
✓ Compiled successfully in 7.6s
  Running TypeScript ...
  Finished TypeScript in 5.4s ...
  Collecting page data using 11 workers ...
  Generating static pages using 11 workers (0/10) ...
Error occurred prerendering page "/admin". Read more: https://nextjs.org/docs/messages/prerender-error
TypeError: Cannot destructure property 'user' of '(0 , e.useAuth)(...)' as it is null.
    at <unknown> (C:\Users\rdvpr\OneDrive\Desktop\ipl\.next\server\chunks\ssr\OneDrive_Desktop_ipl_app_admin_page_jsx_08v_pka._.js:1:15236) {
  digest: '782676378'
}
Export encountered an error on /admin/page: /admin, exiting the build.
⨯ Next.js build worker exited with code: 1 and signal: null
